2016-07-20 13:39:44,022 ERROR [WsdlSubmit] Exception in request: java.net.SocketTimeoutException: Read timed out
2016-07-20 13:39:44,025 ERROR [errorlog] java.net.SocketTimeoutException: Read timed out
java.net.SocketTimeoutException: Read timed out
	at java.net.SocketInputStream.socketRead0(Native Method)
	at java.net.SocketInputStream.read(SocketInputStream.java:152)
	at java.net.SocketInputStream.read(SocketInputStream.java:122)
	at org.apache.http.impl.io.AbstractSessionInputBuffer.fillBuffer(AbstractSessionInputBuffer.java:149)
	at org.apache.http.impl.io.SocketInputBuffer.fillBuffer(SocketInputBuffer.java:110)
	at org.apache.http.impl.io.AbstractSessionInputBuffer.readLine(AbstractSessionInputBuffer.java:264)
	at org.apache.http.impl.conn.DefaultResponseParser.parseHead(DefaultResponseParser.java:98)
	at org.apache.http.impl.io.AbstractMessageParser.parse(AbstractMessageParser.java:252)
	at org.apache.http.impl.AbstractHttpClientConnection.receiveResponseHeader(AbstractHttpClientConnection.java:281)
	at org.apache.http.impl.conn.DefaultClientConnection.receiveResponseHeader(DefaultClientConnection.java:247)
	at org.apache.http.impl.conn.AbstractClientConnAdapter.receiveResponseHeader(AbstractClientConnAdapter.java:219)
	at com.eviware.soapui.impl.wsdl.support.http.HttpClientSupport$SoapUIHttpRequestExecutor.doReceiveResponse(HttpClientSupport.java:151)
	at org.apache.http.protocol.HttpRequestExecutor.execute(HttpRequestExecutor.java:125)
	at org.apache.http.impl.client.DefaultRequestDirector.tryExecute(DefaultRequestDirector.java:633)
	at org.apache.http.impl.client.DefaultRequestDirector.execute(DefaultRequestDirector.java:454)
	at org.apache.http.impl.client.AbstractHttpClient.execute(AbstractHttpClient.java:820)
	at org.apache.http.impl.client.AbstractHttpClient.execute(AbstractHttpClient.java:754)
	at com.eviware.soapui.impl.wsdl.support.http.HttpClientSupport$Helper.execute(HttpClientSupport.java:246)
	at com.eviware.soapui.impl.wsdl.support.http.HttpClientSupport.execute(HttpClientSupport.java:356)
	at com.eviware.soapui.impl.wsdl.submit.transports.http.HttpClientRequestTransport.submitRequest(HttpClientRequestTransport.java:317)
	at com.eviware.soapui.impl.wsdl.submit.transports.http.HttpClientRequestTransport.sendRequest(HttpClientRequestTransport.java:231)
	at com.eviware.soapui.impl.wsdl.WsdlSubmit.run(WsdlSubmit.java:123)
	at com.eviware.soapui.impl.wsdl.WsdlSubmit.submitRequest(WsdlSubmit.java:76)
	at com.eviware.soapui.impl.wsdl.WsdlRequest.submit(WsdlRequest.java:238)
	at com.resiltech.testing_box.functional_tester.soapui.SoapUIInvoker$SoapUIProject.invokeOperation(SoapUIInvoker.java:126)
	at com.resiltech.testing_box.functional_tester.soapui.SoapUIInvoker.invokeRequest(SoapUIInvoker.java:237)
	at com.resiltech.testing_box.functional_tester.configuration.FunctionalTest$RequestInvokerImpl.invoke(FunctionalTest.java:162)
	at com.resiltech.testing_box.functional_tester.configuration.instructions.Call.execute(Call.java:118)
	at com.resiltech.testing_box.functional_tester.configuration.instructions.CompoundStatement.executeStatements(CompoundStatement.java:98)
	at com.resiltech.testing_box.functional_tester.configuration.instructions.Choreography.execute(Choreography.java:31)
	at com.resiltech.testing_box.functional_tester.configuration.XmlWorkload.execute(XmlWorkload.java:46)
	at com.resiltech.testing_box.functional_tester.configuration.FunctionalTest.run(FunctionalTest.java:274)
	at com.resiltech.testing_box.functional_tester.runner.FunctionalTestRunner.execute(FunctionalTestRunner.java:267)
	at ippoz.multilayer.monitor.master.workload.SoapXmlWorkload.runWorkload(SoapXmlWorkload.java:122)
	at ippoz.multilayer.monitor.master.experiment.Experiment.executeWorkload(Experiment.java:146)
	at ippoz.multilayer.monitor.master.experiment.Experiment.executeExperiment(Experiment.java:112)
	at ippoz.multilayer.monitor.master.experiment.ServiceTestExperiment.executeExperiment(ServiceTestExperiment.java:63)
	at ippoz.multilayer.monitor.master.MasterManager.executeExperiments(MasterManager.java:319)
	at ippoz.multilayer.monitor.master.MasterManager.startExperimentalCampaign(MasterManager.java:303)
	at ippoz.multilayer.monitor.master.ExperimentMaster.main(ExperimentMaster.java:34)
2016-07-21 10:22:23,517 ERROR [WsdlSubmit] Exception in request: java.net.SocketTimeoutException: Read timed out
2016-07-21 10:22:23,546 ERROR [errorlog] java.net.SocketTimeoutException: Read timed out
java.net.SocketTimeoutException: Read timed out
	at java.net.SocketInputStream.socketRead0(Native Method)
	at java.net.SocketInputStream.read(SocketInputStream.java:152)
	at java.net.SocketInputStream.read(SocketInputStream.java:122)
	at org.apache.http.impl.io.AbstractSessionInputBuffer.fillBuffer(AbstractSessionInputBuffer.java:149)
	at org.apache.http.impl.io.SocketInputBuffer.fillBuffer(SocketInputBuffer.java:110)
	at org.apache.http.impl.io.AbstractSessionInputBuffer.readLine(AbstractSessionInputBuffer.java:264)
	at org.apache.http.impl.conn.DefaultResponseParser.parseHead(DefaultResponseParser.java:98)
	at org.apache.http.impl.io.AbstractMessageParser.parse(AbstractMessageParser.java:252)
	at org.apache.http.impl.AbstractHttpClientConnection.receiveResponseHeader(AbstractHttpClientConnection.java:281)
	at org.apache.http.impl.conn.DefaultClientConnection.receiveResponseHeader(DefaultClientConnection.java:247)
	at org.apache.http.impl.conn.AbstractClientConnAdapter.receiveResponseHeader(AbstractClientConnAdapter.java:219)
	at com.eviware.soapui.impl.wsdl.support.http.HttpClientSupport$SoapUIHttpRequestExecutor.doReceiveResponse(HttpClientSupport.java:151)
	at org.apache.http.protocol.HttpRequestExecutor.execute(HttpRequestExecutor.java:125)
	at org.apache.http.impl.client.DefaultRequestDirector.tryExecute(DefaultRequestDirector.java:633)
	at org.apache.http.impl.client.DefaultRequestDirector.execute(DefaultRequestDirector.java:454)
	at org.apache.http.impl.client.AbstractHttpClient.execute(AbstractHttpClient.java:820)
	at org.apache.http.impl.client.AbstractHttpClient.execute(AbstractHttpClient.java:754)
	at com.eviware.soapui.impl.wsdl.support.http.HttpClientSupport$Helper.execute(HttpClientSupport.java:246)
	at com.eviware.soapui.impl.wsdl.support.http.HttpClientSupport.execute(HttpClientSupport.java:356)
	at com.eviware.soapui.impl.wsdl.submit.transports.http.HttpClientRequestTransport.submitRequest(HttpClientRequestTransport.java:317)
	at com.eviware.soapui.impl.wsdl.submit.transports.http.HttpClientRequestTransport.sendRequest(HttpClientRequestTransport.java:231)
	at com.eviware.soapui.impl.wsdl.WsdlSubmit.run(WsdlSubmit.java:123)
	at com.eviware.soapui.impl.wsdl.WsdlSubmit.submitRequest(WsdlSubmit.java:76)
	at com.eviware.soapui.impl.wsdl.WsdlRequest.submit(WsdlRequest.java:238)
	at com.resiltech.testing_box.functional_tester.soapui.SoapUIInvoker$SoapUIProject.invokeOperation(SoapUIInvoker.java:126)
	at com.resiltech.testing_box.functional_tester.soapui.SoapUIInvoker.invokeRequest(SoapUIInvoker.java:237)
	at com.resiltech.testing_box.functional_tester.configuration.FunctionalTest$RequestInvokerImpl.invoke(FunctionalTest.java:162)
	at com.resiltech.testing_box.functional_tester.configuration.instructions.Call.execute(Call.java:118)
	at com.resiltech.testing_box.functional_tester.configuration.instructions.CompoundStatement.executeStatements(CompoundStatement.java:98)
	at com.resiltech.testing_box.functional_tester.configuration.instructions.Choreography.execute(Choreography.java:31)
	at com.resiltech.testing_box.functional_tester.configuration.XmlWorkload.execute(XmlWorkload.java:46)
	at com.resiltech.testing_box.functional_tester.configuration.FunctionalTest.run(FunctionalTest.java:274)
	at com.resiltech.testing_box.functional_tester.runner.FunctionalTestRunner.execute(FunctionalTestRunner.java:267)
	at ippoz.multilayer.monitor.master.workload.SoapXmlWorkload.runWorkload(SoapXmlWorkload.java:122)
	at ippoz.multilayer.monitor.master.experiment.Experiment.executeWorkload(Experiment.java:146)
	at ippoz.multilayer.monitor.master.experiment.Experiment.executeExperiment(Experiment.java:112)
	at ippoz.multilayer.monitor.master.MasterManager.executeExperiments(MasterManager.java:319)
	at ippoz.multilayer.monitor.master.MasterManager.startExperimentalCampaign(MasterManager.java:304)
	at ippoz.multilayer.monitor.master.ExperimentMaster.main(ExperimentMaster.java:34)
2016-07-21 10:46:35,097 ERROR [WsdlSubmit] Exception in request: java.net.SocketTimeoutException: Read timed out
2016-07-21 10:46:35,098 ERROR [errorlog] java.net.SocketTimeoutException: Read timed out
java.net.SocketTimeoutException: Read timed out
	at java.net.SocketInputStream.socketRead0(Native Method)
	at java.net.SocketInputStream.read(SocketInputStream.java:152)
	at java.net.SocketInputStream.read(SocketInputStream.java:122)
	at org.apache.http.impl.io.AbstractSessionInputBuffer.fillBuffer(AbstractSessionInputBuffer.java:149)
	at org.apache.http.impl.io.SocketInputBuffer.fillBuffer(SocketInputBuffer.java:110)
	at org.apache.http.impl.io.AbstractSessionInputBuffer.readLine(AbstractSessionInputBuffer.java:264)
	at org.apache.http.impl.conn.DefaultResponseParser.parseHead(DefaultResponseParser.java:98)
	at org.apache.http.impl.io.AbstractMessageParser.parse(AbstractMessageParser.java:252)
	at org.apache.http.impl.AbstractHttpClientConnection.receiveResponseHeader(AbstractHttpClientConnection.java:281)
	at org.apache.http.impl.conn.DefaultClientConnection.receiveResponseHeader(DefaultClientConnection.java:247)
	at org.apache.http.impl.conn.AbstractClientConnAdapter.receiveResponseHeader(AbstractClientConnAdapter.java:219)
	at com.eviware.soapui.impl.wsdl.support.http.HttpClientSupport$SoapUIHttpRequestExecutor.doReceiveResponse(HttpClientSupport.java:151)
	at org.apache.http.protocol.HttpRequestExecutor.execute(HttpRequestExecutor.java:125)
	at org.apache.http.impl.client.DefaultRequestDirector.tryExecute(DefaultRequestDirector.java:633)
	at org.apache.http.impl.client.DefaultRequestDirector.execute(DefaultRequestDirector.java:454)
	at org.apache.http.impl.client.AbstractHttpClient.execute(AbstractHttpClient.java:820)
	at org.apache.http.impl.client.AbstractHttpClient.execute(AbstractHttpClient.java:754)
	at com.eviware.soapui.impl.wsdl.support.http.HttpClientSupport$Helper.execute(HttpClientSupport.java:246)
	at com.eviware.soapui.impl.wsdl.support.http.HttpClientSupport.execute(HttpClientSupport.java:356)
	at com.eviware.soapui.impl.wsdl.submit.transports.http.HttpClientRequestTransport.submitRequest(HttpClientRequestTransport.java:317)
	at com.eviware.soapui.impl.wsdl.submit.transports.http.HttpClientRequestTransport.sendRequest(HttpClientRequestTransport.java:231)
	at com.eviware.soapui.impl.wsdl.WsdlSubmit.run(WsdlSubmit.java:123)
	at com.eviware.soapui.impl.wsdl.WsdlSubmit.submitRequest(WsdlSubmit.java:76)
	at com.eviware.soapui.impl.wsdl.WsdlRequest.submit(WsdlRequest.java:238)
	at com.resiltech.testing_box.functional_tester.soapui.SoapUIInvoker$SoapUIProject.invokeOperation(SoapUIInvoker.java:126)
	at com.resiltech.testing_box.functional_tester.soapui.SoapUIInvoker.invokeRequest(SoapUIInvoker.java:237)
	at com.resiltech.testing_box.functional_tester.configuration.FunctionalTest$RequestInvokerImpl.invoke(FunctionalTest.java:162)
	at com.resiltech.testing_box.functional_tester.configuration.instructions.Call.execute(Call.java:118)
	at com.resiltech.testing_box.functional_tester.configuration.instructions.CompoundStatement.executeStatements(CompoundStatement.java:98)
	at com.resiltech.testing_box.functional_tester.configuration.instructions.Choreography.execute(Choreography.java:31)
	at com.resiltech.testing_box.functional_tester.configuration.XmlWorkload.execute(XmlWorkload.java:46)
	at com.resiltech.testing_box.functional_tester.configuration.FunctionalTest.run(FunctionalTest.java:274)
	at com.resiltech.testing_box.functional_tester.runner.FunctionalTestRunner.execute(FunctionalTestRunner.java:267)
	at ippoz.multilayer.monitor.master.workload.SoapXmlWorkload.runWorkload(SoapXmlWorkload.java:122)
	at ippoz.multilayer.monitor.master.experiment.Experiment.executeWorkload(Experiment.java:146)
	at ippoz.multilayer.monitor.master.experiment.Experiment.executeExperiment(Experiment.java:112)
	at ippoz.multilayer.monitor.master.MasterManager.executeExperiments(MasterManager.java:319)
	at ippoz.multilayer.monitor.master.MasterManager.startExperimentalCampaign(MasterManager.java:304)
	at ippoz.multilayer.monitor.master.ExperimentMaster.main(ExperimentMaster.java:34)
2016-07-21 10:51:53,396 ERROR [WsdlSubmit] Exception in request: java.net.SocketTimeoutException: Read timed out
2016-07-21 10:51:53,396 ERROR [errorlog] java.net.SocketTimeoutException: Read timed out
java.net.SocketTimeoutException: Read timed out
	at java.net.SocketInputStream.socketRead0(Native Method)
	at java.net.SocketInputStream.read(SocketInputStream.java:152)
	at java.net.SocketInputStream.read(SocketInputStream.java:122)
	at org.apache.http.impl.io.AbstractSessionInputBuffer.fillBuffer(AbstractSessionInputBuffer.java:149)
	at org.apache.http.impl.io.SocketInputBuffer.fillBuffer(SocketInputBuffer.java:110)
	at org.apache.http.impl.io.AbstractSessionInputBuffer.readLine(AbstractSessionInputBuffer.java:264)
	at org.apache.http.impl.conn.DefaultResponseParser.parseHead(DefaultResponseParser.java:98)
	at org.apache.http.impl.io.AbstractMessageParser.parse(AbstractMessageParser.java:252)
	at org.apache.http.impl.AbstractHttpClientConnection.receiveResponseHeader(AbstractHttpClientConnection.java:281)
	at org.apache.http.impl.conn.DefaultClientConnection.receiveResponseHeader(DefaultClientConnection.java:247)
	at org.apache.http.impl.conn.AbstractClientConnAdapter.receiveResponseHeader(AbstractClientConnAdapter.java:219)
	at com.eviware.soapui.impl.wsdl.support.http.HttpClientSupport$SoapUIHttpRequestExecutor.doReceiveResponse(HttpClientSupport.java:151)
	at org.apache.http.protocol.HttpRequestExecutor.execute(HttpRequestExecutor.java:125)
	at org.apache.http.impl.client.DefaultRequestDirector.tryExecute(DefaultRequestDirector.java:633)
	at org.apache.http.impl.client.DefaultRequestDirector.execute(DefaultRequestDirector.java:454)
	at org.apache.http.impl.client.AbstractHttpClient.execute(AbstractHttpClient.java:820)
	at org.apache.http.impl.client.AbstractHttpClient.execute(AbstractHttpClient.java:754)
	at com.eviware.soapui.impl.wsdl.support.http.HttpClientSupport$Helper.execute(HttpClientSupport.java:246)
	at com.eviware.soapui.impl.wsdl.support.http.HttpClientSupport.execute(HttpClientSupport.java:356)
	at com.eviware.soapui.impl.wsdl.submit.transports.http.HttpClientRequestTransport.submitRequest(HttpClientRequestTransport.java:317)
	at com.eviware.soapui.impl.wsdl.submit.transports.http.HttpClientRequestTransport.sendRequest(HttpClientRequestTransport.java:231)
	at com.eviware.soapui.impl.wsdl.WsdlSubmit.run(WsdlSubmit.java:123)
	at com.eviware.soapui.impl.wsdl.WsdlSubmit.submitRequest(WsdlSubmit.java:76)
	at com.eviware.soapui.impl.wsdl.WsdlRequest.submit(WsdlRequest.java:238)
	at com.resiltech.testing_box.functional_tester.soapui.SoapUIInvoker$SoapUIProject.invokeOperation(SoapUIInvoker.java:126)
	at com.resiltech.testing_box.functional_tester.soapui.SoapUIInvoker.invokeRequest(SoapUIInvoker.java:237)
	at com.resiltech.testing_box.functional_tester.configuration.FunctionalTest$RequestInvokerImpl.invoke(FunctionalTest.java:162)
	at com.resiltech.testing_box.functional_tester.configuration.instructions.Call.execute(Call.java:118)
	at com.resiltech.testing_box.functional_tester.configuration.instructions.CompoundStatement.executeStatements(CompoundStatement.java:98)
	at com.resiltech.testing_box.functional_tester.configuration.instructions.Choreography.execute(Choreography.java:31)
	at com.resiltech.testing_box.functional_tester.configuration.XmlWorkload.execute(XmlWorkload.java:46)
	at com.resiltech.testing_box.functional_tester.configuration.FunctionalTest.run(FunctionalTest.java:274)
	at com.resiltech.testing_box.functional_tester.runner.FunctionalTestRunner.execute(FunctionalTestRunner.java:267)
	at ippoz.multilayer.monitor.master.workload.SoapXmlWorkload.runWorkload(SoapXmlWorkload.java:122)
	at ippoz.multilayer.monitor.master.experiment.Experiment.executeWorkload(Experiment.java:146)
	at ippoz.multilayer.monitor.master.experiment.Experiment.executeExperiment(Experiment.java:112)
	at ippoz.multilayer.monitor.master.MasterManager.executeExperiments(MasterManager.java:319)
	at ippoz.multilayer.monitor.master.MasterManager.startExperimentalCampaign(MasterManager.java:304)
	at ippoz.multilayer.monitor.master.ExperimentMaster.main(ExperimentMaster.java:34)
